<?xml version="1.0" encoding="UTF-8"?>
<!-- Generated by org.testng.reporters.JUnitReportReporter -->
<testsuite hostname="DESKTOP-KFF6RM1" failures="0" tests="3" name="cucumber.framework.runner.siloam.viewexportpage.ViewExportRunner" time="45.115" errors="0" timestamp="2022-09-29T23:40:17 WIB" skipped="0">
  <testcase classname="cucumber.framework.runner.siloam.viewexportpage.ViewExportRunner" name="runScenario" time="15.288"/>
  <system-out/>
  <testcase classname="cucumber.framework.runner.siloam.viewexportpage.ViewExportRunner" name="runScenario" time="14.931"/>
  <system-out/>
  <testcase classname="cucumber.framework.runner.siloam.viewexportpage.ViewExportRunner" name="runScenario" time="14.896"/>
  <system-out/>
</testsuite> <!-- cucumber.framework.runner.siloam.viewexportpage.ViewExportRunner -->
