<?xml version="1.0" encoding="UTF-8"?>
<!-- Generated by org.testng.reporters.JUnitReportReporter -->
<testsuite hostname="DESKTOP-KFF6RM1" failures="0" tests="6" name="cucumber.framework.runner.siloam.ttddigital.TTDDigitalRunner" time="67.394" errors="0" timestamp="2022-10-04T14:43:13 WIB" skipped="0">
  <testcase classname="cucumber.framework.runner.siloam.ttddigital.TTDDigitalRunner" name="runScenario" time="10.112"/>
  <system-out/>
  <testcase classname="cucumber.framework.runner.siloam.ttddigital.TTDDigitalRunner" name="runScenario" time="7.110"/>
  <system-out/>
  <testcase classname="cucumber.framework.runner.siloam.ttddigital.TTDDigitalRunner" name="runScenario" time="33.076"/>
  <system-out/>
  <testcase classname="cucumber.framework.runner.siloam.ttddigital.TTDDigitalRunner" name="runScenario" time="5.654"/>
  <system-out/>
  <testcase classname="cucumber.framework.runner.siloam.ttddigital.TTDDigitalRunner" name="runScenario" time="6.086"/>
  <system-out/>
  <testcase classname="cucumber.framework.runner.siloam.ttddigital.TTDDigitalRunner" name="runScenario" time="5.356"/>
  <system-out/>
</testsuite> <!-- cucumber.framework.runner.siloam.ttddigital.TTDDigitalRunner -->
