<?xml version="1.0" encoding="UTF-8"?>
<!-- Generated by org.testng.reporters.JUnitReportReporter -->
<testsuite hostname="DESKTOP-KFF6RM1" failures="0" tests="8" name="cucumber.framework.runner.siloam.viewexportpage.ViewExportRunner" time="159.505" errors="0" timestamp="2022-09-30T23:47:09 WIB" skipped="0">
  <testcase classname="cucumber.framework.runner.siloam.viewexportpage.ViewExportRunner" name="runScenario" time="41.696"/>
  <system-out/>
  <testcase classname="cucumber.framework.runner.siloam.viewexportpage.ViewExportRunner" name="runScenario" time="12.782"/>
  <system-out/>
  <testcase classname="cucumber.framework.runner.siloam.viewexportpage.ViewExportRunner" name="runScenario" time="27.486"/>
  <system-out/>
  <testcase classname="cucumber.framework.runner.siloam.viewexportpage.ViewExportRunner" name="runScenario" time="20.628"/>
  <system-out/>
  <testcase classname="cucumber.framework.runner.siloam.viewexportpage.ViewExportRunner" name="runScenario" time="12.869"/>
  <system-out/>
  <testcase classname="cucumber.framework.runner.siloam.viewexportpage.ViewExportRunner" name="runScenario" time="5.519"/>
  <system-out/>
  <testcase classname="cucumber.framework.runner.siloam.viewexportpage.ViewExportRunner" name="runScenario" time="17.415"/>
  <system-out/>
  <testcase classname="cucumber.framework.runner.siloam.viewexportpage.ViewExportRunner" name="runScenario" time="21.110"/>
  <system-out/>
</testsuite> <!-- cucumber.framework.runner.siloam.viewexportpage.ViewExportRunner -->
