<?xml version="1.0" encoding="UTF-8"?>
<!-- Generated by org.testng.reporters.JUnitReportReporter -->
<testsuite hostname="DESKTOP-KFF6RM1" failures="0" tests="38" name="cucumber.framework.runner.siloam.formreturnpage.FormReturnRunner" time="346.445" errors="0" timestamp="2022-10-06T13:26:10 WIB" skipped="0">
  <testcase classname="cucumber.framework.runner.siloam.formreturnpage.FormReturnRunner" name="runScenario" time="1.335"/>
  <system-out/>
  <testcase classname="cucumber.framework.runner.siloam.formreturnpage.FormReturnRunner" name="runScenario" time="15.029"/>
  <system-out/>
  <testcase classname="cucumber.framework.runner.siloam.formreturnpage.FormReturnRunner" name="runScenario" time="11.543"/>
  <system-out/>
  <testcase classname="cucumber.framework.runner.siloam.formreturnpage.FormReturnRunner" name="runScenario" time="19.018"/>
  <system-out/>
  <testcase classname="cucumber.framework.runner.siloam.formreturnpage.FormReturnRunner" name="runScenario" time="10.535"/>
  <system-out/>
  <testcase classname="cucumber.framework.runner.siloam.formreturnpage.FormReturnRunner" name="runScenario" time="10.364"/>
  <system-out/>
  <testcase classname="cucumber.framework.runner.siloam.formreturnpage.FormReturnRunner" name="runScenario" time="1.383"/>
  <system-out/>
  <testcase classname="cucumber.framework.runner.siloam.formreturnpage.FormReturnRunner" name="runScenario" time="1.470"/>
  <system-out/>
  <testcase classname="cucumber.framework.runner.siloam.formreturnpage.FormReturnRunner" name="runScenario" time="16.981"/>
  <system-out/>
  <testcase classname="cucumber.framework.runner.siloam.formreturnpage.FormReturnRunner" name="runScenario" time="17.074"/>
  <system-out/>
  <testcase classname="cucumber.framework.runner.siloam.formreturnpage.FormReturnRunner" name="runScenario" time="11.856"/>
  <system-out/>
  <testcase classname="cucumber.framework.runner.siloam.formreturnpage.FormReturnRunner" name="runScenario" time="3.221"/>
  <system-out/>
  <testcase classname="cucumber.framework.runner.siloam.formreturnpage.FormReturnRunner" name="runScenario" time="11.812"/>
  <system-out/>
  <testcase classname="cucumber.framework.runner.siloam.formreturnpage.FormReturnRunner" name="runScenario" time="14.784"/>
  <system-out/>
  <testcase classname="cucumber.framework.runner.siloam.formreturnpage.FormReturnRunner" name="runScenario" time="12.732"/>
  <system-out/>
  <testcase classname="cucumber.framework.runner.siloam.formreturnpage.FormReturnRunner" name="runScenario" time="5.490"/>
  <system-out/>
  <testcase classname="cucumber.framework.runner.siloam.formreturnpage.FormReturnRunner" name="runScenario" time="3.215"/>
  <system-out/>
  <testcase classname="cucumber.framework.runner.siloam.formreturnpage.FormReturnRunner" name="runScenario" time="3.206"/>
  <system-out/>
  <testcase classname="cucumber.framework.runner.siloam.formreturnpage.FormReturnRunner" name="runScenario" time="4.443"/>
  <system-out/>
  <testcase classname="cucumber.framework.runner.siloam.formreturnpage.FormReturnRunner" name="runScenario" time="10.724"/>
  <system-out/>
  <testcase classname="cucumber.framework.runner.siloam.formreturnpage.FormReturnRunner" name="runScenario" time="12.683"/>
  <system-out/>
  <testcase classname="cucumber.framework.runner.siloam.formreturnpage.FormReturnRunner" name="runScenario" time="3.253"/>
  <system-out/>
  <testcase classname="cucumber.framework.runner.siloam.formreturnpage.FormReturnRunner" name="runScenario" time="1.450"/>
  <system-out/>
  <testcase classname="cucumber.framework.runner.siloam.formreturnpage.FormReturnRunner" name="runScenario" time="8.482"/>
  <system-out/>
  <testcase classname="cucumber.framework.runner.siloam.formreturnpage.FormReturnRunner" name="runScenario" time="10.807"/>
  <system-out/>
  <testcase classname="cucumber.framework.runner.siloam.formreturnpage.FormReturnRunner" name="runScenario" time="11.574"/>
  <system-out/>
  <testcase classname="cucumber.framework.runner.siloam.formreturnpage.FormReturnRunner" name="runScenario" time="11.635"/>
  <system-out/>
  <testcase classname="cucumber.framework.runner.siloam.formreturnpage.FormReturnRunner" name="runScenario" time="10.473"/>
  <system-out/>
  <testcase classname="cucumber.framework.runner.siloam.formreturnpage.FormReturnRunner" name="runScenario" time="10.499"/>
  <system-out/>
  <testcase classname="cucumber.framework.runner.siloam.formreturnpage.FormReturnRunner" name="runScenario" time="1.326"/>
  <system-out/>
  <testcase classname="cucumber.framework.runner.siloam.formreturnpage.FormReturnRunner" name="runScenario" time="10.758"/>
  <system-out/>
  <testcase classname="cucumber.framework.runner.siloam.formreturnpage.FormReturnRunner" name="runScenario" time="11.736"/>
  <system-out/>
  <testcase classname="cucumber.framework.runner.siloam.formreturnpage.FormReturnRunner" name="runScenario" time="12.726"/>
  <system-out/>
  <testcase classname="cucumber.framework.runner.siloam.formreturnpage.FormReturnRunner" name="runScenario" time="4.438"/>
  <system-out/>
  <testcase classname="cucumber.framework.runner.siloam.formreturnpage.FormReturnRunner" name="runScenario" time="11.383"/>
  <system-out/>
  <testcase classname="cucumber.framework.runner.siloam.formreturnpage.FormReturnRunner" name="runScenario" time="13.975"/>
  <system-out/>
  <testcase classname="cucumber.framework.runner.siloam.formreturnpage.FormReturnRunner" name="runScenario" time="8.554"/>
  <system-out/>
  <testcase classname="cucumber.framework.runner.siloam.formreturnpage.FormReturnRunner" name="runScenario" time="4.478"/>
  <system-out/>
</testsuite> <!-- cucumber.framework.runner.siloam.formreturnpage.FormReturnRunner -->
