<?xml version="1.0" encoding="UTF-8"?>
<!-- Generated by org.testng.reporters.JUnitReportReporter -->
<testsuite hostname="DESKTOP-KFF6RM1" failures="0" tests="6" name="cucumber.framework.runner.siloam.formreturnpage.FormReturnRunner" time="95.733" errors="0" timestamp="2022-10-02T18:45:07 WIB" skipped="0">
  <testcase classname="cucumber.framework.runner.siloam.formreturnpage.FormReturnRunner" name="runScenario" time="16.979"/>
  <system-out/>
  <testcase classname="cucumber.framework.runner.siloam.formreturnpage.FormReturnRunner" name="runScenario" time="15.835"/>
  <system-out/>
  <testcase classname="cucumber.framework.runner.siloam.formreturnpage.FormReturnRunner" name="runScenario" time="11.790"/>
  <system-out/>
  <testcase classname="cucumber.framework.runner.siloam.formreturnpage.FormReturnRunner" name="runScenario" time="13.697"/>
  <system-out/>
  <testcase classname="cucumber.framework.runner.siloam.formreturnpage.FormReturnRunner" name="runScenario" time="20.404"/>
  <system-out/>
  <testcase classname="cucumber.framework.runner.siloam.formreturnpage.FormReturnRunner" name="runScenario" time="17.028"/>
  <system-out/>
</testsuite> <!-- cucumber.framework.runner.siloam.formreturnpage.FormReturnRunner -->
