<?xml version="1.0" encoding="UTF-8"?>
<!-- Generated by org.testng.reporters.JUnitReportReporter -->
<testsuite hostname="DESKTOP-KFF6RM1" failures="35" tests="92" name="cucumber.framework.runner.siloam.ttddigital.TTDDigitalRunner" time="1443.382" errors="0" timestamp="2022-10-05T15:07:21 WIB" skipped="0">
  <testcase classname="cucumber.framework.runner.siloam.ttddigital.TTDDigitalRunner" name="runScenario" time="18.336"/>
  <system-out/>
  <testcase classname="cucumber.framework.runner.siloam.ttddigital.TTDDigitalRunner" name="runScenario" time="18.342"/>
  <system-out/>
  <testcase classname="cucumber.framework.runner.siloam.ttddigital.TTDDigitalRunner" name="runScenario" time="18.987"/>
  <system-out/>
  <testcase classname="cucumber.framework.runner.siloam.ttddigital.TTDDigitalRunner" name="runScenario" time="6.075"/>
  <system-out/>
  <testcase classname="cucumber.framework.runner.siloam.ttddigital.TTDDigitalRunner" name="runScenario" time="8.515"/>
  <system-out/>
  <testcase classname="cucumber.framework.runner.siloam.ttddigital.TTDDigitalRunner" name="runScenario" time="11.173"/>
  <system-out/>
  <testcase classname="cucumber.framework.runner.siloam.ttddigital.TTDDigitalRunner" name="runScenario" time="19.273">
    <failure message="expected [Aditya] but found [ADIT]" type="java.lang.AssertionError">
      <![CDATA[java.lang.AssertionError: expected [Aditya] but found [ADIT]
at org.testng.Assert.fail(Assert.java:110)
at org.testng.Assert.failNotEquals(Assert.java:1413)
at org.testng.Assert.assertEqualsImpl(Assert.java:149)
at org.testng.Assert.assertEquals(Assert.java:131)
at org.testng.Assert.assertEquals(Assert.java:655)
at org.testng.Assert.assertEquals(Assert.java:665)
at cucumber.framework.runner.siloam.ttddigital.TestTTDPageKombinasiLima.siloam120_validasi_data_tersimpan_dan_form_ter_update(TestTTDPageKombinasiLima.java:130)
at ✽.Siloam120 Validasi Data Tersimpan Dan Form Ter-update(file:///C:/Users/NEXSOFT/Documents/GitHub/TA_SQA/TA-SQUAD-AKP/src/test/resources/Features/Siloam/120UpdateDataSalesLimaKombinasi.feature:16)
]]>
    </failure>
  </testcase> <!-- runScenario -->
  <system-out/>
  <testcase classname="cucumber.framework.runner.siloam.ttddigital.TTDDigitalRunner" name="runScenario" time="24.398"/>
  <system-out/>
  <testcase classname="cucumber.framework.runner.siloam.ttddigital.TTDDigitalRunner" name="runScenario" time="11.484"/>
  <system-out/>
  <testcase classname="cucumber.framework.runner.siloam.ttddigital.TTDDigitalRunner" name="runScenario" time="23.068">
    <failure message="expected [Aditya] but found [ADIT]" type="java.lang.AssertionError">
      <![CDATA[java.lang.AssertionError: expected [Aditya] but found [ADIT]
at org.testng.Assert.fail(Assert.java:110)
at org.testng.Assert.failNotEquals(Assert.java:1413)
at org.testng.Assert.assertEqualsImpl(Assert.java:149)
at org.testng.Assert.assertEquals(Assert.java:131)
at org.testng.Assert.assertEquals(Assert.java:655)
at org.testng.Assert.assertEquals(Assert.java:665)
at cucumber.framework.runner.siloam.ttddigital.TestTTDPageKombinasiLima.siloam120_validasi_data_tersimpan_dan_form_ter_update(TestTTDPageKombinasiLima.java:130)
at ✽.Siloam120 Validasi Data Tersimpan Dan Form Ter-update(file:///C:/Users/NEXSOFT/Documents/GitHub/TA_SQA/TA-SQUAD-AKP/src/test/resources/Features/Siloam/120UpdateDataSalesLimaKombinasi.feature:16)
]]>
    </failure>
  </testcase> <!-- runScenario -->
  <system-out/>
  <testcase classname="cucumber.framework.runner.siloam.ttddigital.TTDDigitalRunner" name="runScenario" time="14.680">
    <failure message="expected [Aditya] but found [ADIT]" type="java.lang.AssertionError">
      <![CDATA[java.lang.AssertionError: expected [Aditya] but found [ADIT]
at org.testng.Assert.fail(Assert.java:110)
at org.testng.Assert.failNotEquals(Assert.java:1413)
at org.testng.Assert.assertEqualsImpl(Assert.java:149)
at org.testng.Assert.assertEquals(Assert.java:131)
at org.testng.Assert.assertEquals(Assert.java:655)
at org.testng.Assert.assertEquals(Assert.java:665)
at cucumber.framework.runner.siloam.ttddigital.TestTTDPageKombinasiLima.siloam120_validasi_data_tersimpan_dan_form_ter_update(TestTTDPageKombinasiLima.java:130)
at ✽.Siloam120 Validasi Data Tersimpan Dan Form Ter-update(file:///C:/Users/NEXSOFT/Documents/GitHub/TA_SQA/TA-SQUAD-AKP/src/test/resources/Features/Siloam/120UpdateDataSalesLimaKombinasi.feature:16)
]]>
    </failure>
  </testcase> <!-- runScenario -->
  <system-out/>
  <testcase classname="cucumber.framework.runner.siloam.ttddigital.TTDDigitalRunner" name="runScenario" time="9.726"/>
  <system-out/>
  <testcase classname="cucumber.framework.runner.siloam.ttddigital.TTDDigitalRunner" name="runScenario" time="18.234">
    <failure message="expected [Aditya] but found [ADIT]" type="java.lang.AssertionError">
      <![CDATA[java.lang.AssertionError: expected [Aditya] but found [ADIT]
at org.testng.Assert.fail(Assert.java:110)
at org.testng.Assert.failNotEquals(Assert.java:1413)
at org.testng.Assert.assertEqualsImpl(Assert.java:149)
at org.testng.Assert.assertEquals(Assert.java:131)
at org.testng.Assert.assertEquals(Assert.java:655)
at org.testng.Assert.assertEquals(Assert.java:665)
at cucumber.framework.runner.siloam.ttddigital.TestTTDPageKombinasiLima.siloam120_validasi_data_tersimpan_dan_form_ter_update(TestTTDPageKombinasiLima.java:130)
at ✽.Siloam120 Validasi Data Tersimpan Dan Form Ter-update(file:///C:/Users/NEXSOFT/Documents/GitHub/TA_SQA/TA-SQUAD-AKP/src/test/resources/Features/Siloam/120UpdateDataSalesLimaKombinasi.feature:16)
]]>
    </failure>
  </testcase> <!-- runScenario -->
  <system-out/>
  <testcase classname="cucumber.framework.runner.siloam.ttddigital.TTDDigitalRunner" name="runScenario" time="18.889"/>
  <system-out/>
  <testcase classname="cucumber.framework.runner.siloam.ttddigital.TTDDigitalRunner" name="runScenario" time="9.607"/>
  <system-out/>
  <testcase classname="cucumber.framework.runner.siloam.ttddigital.TTDDigitalRunner" name="runScenario" time="20.403"/>
  <system-out/>
  <testcase classname="cucumber.framework.runner.siloam.ttddigital.TTDDigitalRunner" name="runScenario" time="19.807"/>
  <system-out/>
  <testcase classname="cucumber.framework.runner.siloam.ttddigital.TTDDigitalRunner" name="runScenario" time="9.368"/>
  <system-out/>
  <testcase classname="cucumber.framework.runner.siloam.ttddigital.TTDDigitalRunner" name="runScenario" time="13.280"/>
  <system-out/>
  <testcase classname="cucumber.framework.runner.siloam.ttddigital.TTDDigitalRunner" name="runScenario" time="7.978"/>
  <system-out/>
  <testcase classname="cucumber.framework.runner.siloam.ttddigital.TTDDigitalRunner" name="runScenario" time="12.153"/>
  <system-out/>
  <testcase classname="cucumber.framework.runner.siloam.ttddigital.TTDDigitalRunner" name="runScenario" time="21.933"/>
  <system-out/>
  <testcase classname="cucumber.framework.runner.siloam.ttddigital.TTDDigitalRunner" name="runScenario" time="13.470">
    <failure message="expected [Aditya] but found [ADIT]" type="java.lang.AssertionError">
      <![CDATA[java.lang.AssertionError: expected [Aditya] but found [ADIT]
at org.testng.Assert.fail(Assert.java:110)
at org.testng.Assert.failNotEquals(Assert.java:1413)
at org.testng.Assert.assertEqualsImpl(Assert.java:149)
at org.testng.Assert.assertEquals(Assert.java:131)
at org.testng.Assert.assertEquals(Assert.java:655)
at org.testng.Assert.assertEquals(Assert.java:665)
at cucumber.framework.runner.siloam.ttddigital.TestTTDPageKombinasiLima.siloam120_validasi_data_tersimpan_dan_form_ter_update(TestTTDPageKombinasiLima.java:130)
at ✽.Siloam120 Validasi Data Tersimpan Dan Form Ter-update(file:///C:/Users/NEXSOFT/Documents/GitHub/TA_SQA/TA-SQUAD-AKP/src/test/resources/Features/Siloam/120UpdateDataSalesLimaKombinasi.feature:16)
]]>
    </failure>
  </testcase> <!-- runScenario -->
  <system-out/>
  <testcase classname="cucumber.framework.runner.siloam.ttddigital.TTDDigitalRunner" name="runScenario" time="18.330">
    <failure message="expected [Aditya] but found [ADIT]" type="java.lang.AssertionError">
      <![CDATA[java.lang.AssertionError: expected [Aditya] but found [ADIT]
at org.testng.Assert.fail(Assert.java:110)
at org.testng.Assert.failNotEquals(Assert.java:1413)
at org.testng.Assert.assertEqualsImpl(Assert.java:149)
at org.testng.Assert.assertEquals(Assert.java:131)
at org.testng.Assert.assertEquals(Assert.java:655)
at org.testng.Assert.assertEquals(Assert.java:665)
at cucumber.framework.runner.siloam.ttddigital.TestTTDPageKombinasiLima.siloam120_validasi_data_tersimpan_dan_form_ter_update(TestTTDPageKombinasiLima.java:130)
at ✽.Siloam120 Validasi Data Tersimpan Dan Form Ter-update(file:///C:/Users/NEXSOFT/Documents/GitHub/TA_SQA/TA-SQUAD-AKP/src/test/resources/Features/Siloam/120UpdateDataSalesLimaKombinasi.feature:16)
]]>
    </failure>
  </testcase> <!-- runScenario -->
  <system-out/>
  <testcase classname="cucumber.framework.runner.siloam.ttddigital.TTDDigitalRunner" name="runScenario" time="10.125"/>
  <system-out/>
  <testcase classname="cucumber.framework.runner.siloam.ttddigital.TTDDigitalRunner" name="runScenario" time="13.763">
    <failure message="expected [Aditya] but found [ADIT]" type="java.lang.AssertionError">
      <![CDATA[java.lang.AssertionError: expected [Aditya] but found [ADIT]
at org.testng.Assert.fail(Assert.java:110)
at org.testng.Assert.failNotEquals(Assert.java:1413)
at org.testng.Assert.assertEqualsImpl(Assert.java:149)
at org.testng.Assert.assertEquals(Assert.java:131)
at org.testng.Assert.assertEquals(Assert.java:655)
at org.testng.Assert.assertEquals(Assert.java:665)
at cucumber.framework.runner.siloam.ttddigital.TestTTDPageKombinasiLima.siloam120_validasi_data_tersimpan_dan_form_ter_update(TestTTDPageKombinasiLima.java:130)
at ✽.Siloam120 Validasi Data Tersimpan Dan Form Ter-update(file:///C:/Users/NEXSOFT/Documents/GitHub/TA_SQA/TA-SQUAD-AKP/src/test/resources/Features/Siloam/120UpdateDataSalesLimaKombinasi.feature:16)
]]>
    </failure>
  </testcase> <!-- runScenario -->
  <system-out/>
  <testcase classname="cucumber.framework.runner.siloam.ttddigital.TTDDigitalRunner" name="runScenario" time="16.310">
    <failure message="expected [Aditya] but found [ADIT]" type="java.lang.AssertionError">
      <![CDATA[java.lang.AssertionError: expected [Aditya] but found [ADIT]
at org.testng.Assert.fail(Assert.java:110)
at org.testng.Assert.failNotEquals(Assert.java:1413)
at org.testng.Assert.assertEqualsImpl(Assert.java:149)
at org.testng.Assert.assertEquals(Assert.java:131)
at org.testng.Assert.assertEquals(Assert.java:655)
at org.testng.Assert.assertEquals(Assert.java:665)
at cucumber.framework.runner.siloam.ttddigital.TestTTDPageKombinasiLima.siloam120_validasi_data_tersimpan_dan_form_ter_update(TestTTDPageKombinasiLima.java:130)
at ✽.Siloam120 Validasi Data Tersimpan Dan Form Ter-update(file:///C:/Users/NEXSOFT/Documents/GitHub/TA_SQA/TA-SQUAD-AKP/src/test/resources/Features/Siloam/120UpdateDataSalesLimaKombinasi.feature:16)
]]>
    </failure>
  </testcase> <!-- runScenario -->
  <system-out/>
  <testcase classname="cucumber.framework.runner.siloam.ttddigital.TTDDigitalRunner" name="runScenario" time="16.860">
    <failure message="expected [Aditya] but found [ADIT]" type="java.lang.AssertionError">
      <![CDATA[java.lang.AssertionError: expected [Aditya] but found [ADIT]
at org.testng.Assert.fail(Assert.java:110)
at org.testng.Assert.failNotEquals(Assert.java:1413)
at org.testng.Assert.assertEqualsImpl(Assert.java:149)
at org.testng.Assert.assertEquals(Assert.java:131)
at org.testng.Assert.assertEquals(Assert.java:655)
at org.testng.Assert.assertEquals(Assert.java:665)
at cucumber.framework.runner.siloam.ttddigital.TestTTDPageKombinasiLima.siloam120_validasi_data_tersimpan_dan_form_ter_update(TestTTDPageKombinasiLima.java:130)
at ✽.Siloam120 Validasi Data Tersimpan Dan Form Ter-update(file:///C:/Users/NEXSOFT/Documents/GitHub/TA_SQA/TA-SQUAD-AKP/src/test/resources/Features/Siloam/120UpdateDataSalesLimaKombinasi.feature:16)
]]>
    </failure>
  </testcase> <!-- runScenario -->
  <system-out/>
  <testcase classname="cucumber.framework.runner.siloam.ttddigital.TTDDigitalRunner" name="runScenario" time="13.313"/>
  <system-out/>
  <testcase classname="cucumber.framework.runner.siloam.ttddigital.TTDDigitalRunner" name="runScenario" time="18.764">
    <failure message="expected [Aditya] but found [ADIT]" type="java.lang.AssertionError">
      <![CDATA[java.lang.AssertionError: expected [Aditya] but found [ADIT]
at org.testng.Assert.fail(Assert.java:110)
at org.testng.Assert.failNotEquals(Assert.java:1413)
at org.testng.Assert.assertEqualsImpl(Assert.java:149)
at org.testng.Assert.assertEquals(Assert.java:131)
at org.testng.Assert.assertEquals(Assert.java:655)
at org.testng.Assert.assertEquals(Assert.java:665)
at cucumber.framework.runner.siloam.ttddigital.TestTTDPageKombinasiLima.siloam120_validasi_data_tersimpan_dan_form_ter_update(TestTTDPageKombinasiLima.java:130)
at ✽.Siloam120 Validasi Data Tersimpan Dan Form Ter-update(file:///C:/Users/NEXSOFT/Documents/GitHub/TA_SQA/TA-SQUAD-AKP/src/test/resources/Features/Siloam/120UpdateDataSalesLimaKombinasi.feature:16)
]]>
    </failure>
  </testcase> <!-- runScenario -->
  <system-out/>
  <testcase classname="cucumber.framework.runner.siloam.ttddigital.TTDDigitalRunner" name="runScenario" time="11.525"/>
  <system-out/>
  <testcase classname="cucumber.framework.runner.siloam.ttddigital.TTDDigitalRunner" name="runScenario" time="14.034"/>
  <system-out/>
  <testcase classname="cucumber.framework.runner.siloam.ttddigital.TTDDigitalRunner" name="runScenario" time="23.188"/>
  <system-out/>
  <testcase classname="cucumber.framework.runner.siloam.ttddigital.TTDDigitalRunner" name="runScenario" time="15.049">
    <failure message="expected [Aditya] but found [ADIT]" type="java.lang.AssertionError">
      <![CDATA[java.lang.AssertionError: expected [Aditya] but found [ADIT]
at org.testng.Assert.fail(Assert.java:110)
at org.testng.Assert.failNotEquals(Assert.java:1413)
at org.testng.Assert.assertEqualsImpl(Assert.java:149)
at org.testng.Assert.assertEquals(Assert.java:131)
at org.testng.Assert.assertEquals(Assert.java:655)
at org.testng.Assert.assertEquals(Assert.java:665)
at cucumber.framework.runner.siloam.ttddigital.TestTTDPageKombinasiLima.siloam120_validasi_data_tersimpan_dan_form_ter_update(TestTTDPageKombinasiLima.java:130)
at ✽.Siloam120 Validasi Data Tersimpan Dan Form Ter-update(file:///C:/Users/NEXSOFT/Documents/GitHub/TA_SQA/TA-SQUAD-AKP/src/test/resources/Features/Siloam/120UpdateDataSalesLimaKombinasi.feature:16)
]]>
    </failure>
  </testcase> <!-- runScenario -->
  <system-out/>
  <testcase classname="cucumber.framework.runner.siloam.ttddigital.TTDDigitalRunner" name="runScenario" time="10.365"/>
  <system-out/>
  <testcase classname="cucumber.framework.runner.siloam.ttddigital.TTDDigitalRunner" name="runScenario" time="10.851"/>
  <system-out/>
  <testcase classname="cucumber.framework.runner.siloam.ttddigital.TTDDigitalRunner" name="runScenario" time="22.591"/>
  <system-out/>
  <testcase classname="cucumber.framework.runner.siloam.ttddigital.TTDDigitalRunner" name="runScenario" time="17.435"/>
  <system-out/>
  <testcase classname="cucumber.framework.runner.siloam.ttddigital.TTDDigitalRunner" name="runScenario" time="20.794">
    <failure message="expected [Aditya] but found [ADIT]" type="java.lang.AssertionError">
      <![CDATA[java.lang.AssertionError: expected [Aditya] but found [ADIT]
at org.testng.Assert.fail(Assert.java:110)
at org.testng.Assert.failNotEquals(Assert.java:1413)
at org.testng.Assert.assertEqualsImpl(Assert.java:149)
at org.testng.Assert.assertEquals(Assert.java:131)
at org.testng.Assert.assertEquals(Assert.java:655)
at org.testng.Assert.assertEquals(Assert.java:665)
at cucumber.framework.runner.siloam.ttddigital.TestTTDPageKombinasiLima.siloam120_validasi_data_tersimpan_dan_form_ter_update(TestTTDPageKombinasiLima.java:130)
at ✽.Siloam120 Validasi Data Tersimpan Dan Form Ter-update(file:///C:/Users/NEXSOFT/Documents/GitHub/TA_SQA/TA-SQUAD-AKP/src/test/resources/Features/Siloam/120UpdateDataSalesLimaKombinasi.feature:16)
]]>
    </failure>
  </testcase> <!-- runScenario -->
  <system-out/>
  <testcase classname="cucumber.framework.runner.siloam.ttddigital.TTDDigitalRunner" name="runScenario" time="29.626">
    <failure message="expected [Aditya] but found [ADIT]" type="java.lang.AssertionError">
      <![CDATA[java.lang.AssertionError: expected [Aditya] but found [ADIT]
at org.testng.Assert.fail(Assert.java:110)
at org.testng.Assert.failNotEquals(Assert.java:1413)
at org.testng.Assert.assertEqualsImpl(Assert.java:149)
at org.testng.Assert.assertEquals(Assert.java:131)
at org.testng.Assert.assertEquals(Assert.java:655)
at org.testng.Assert.assertEquals(Assert.java:665)
at cucumber.framework.runner.siloam.ttddigital.TestTTDPageKombinasiLima.siloam120_validasi_data_tersimpan_dan_form_ter_update(TestTTDPageKombinasiLima.java:130)
at ✽.Siloam120 Validasi Data Tersimpan Dan Form Ter-update(file:///C:/Users/NEXSOFT/Documents/GitHub/TA_SQA/TA-SQUAD-AKP/src/test/resources/Features/Siloam/120UpdateDataSalesLimaKombinasi.feature:16)
]]>
    </failure>
  </testcase> <!-- runScenario -->
  <system-out/>
  <testcase classname="cucumber.framework.runner.siloam.ttddigital.TTDDigitalRunner" name="runScenario" time="10.010"/>
  <system-out/>
  <testcase classname="cucumber.framework.runner.siloam.ttddigital.TTDDigitalRunner" name="runScenario" time="14.337">
    <failure message="expected [Aditya] but found [ADIT]" type="java.lang.AssertionError">
      <![CDATA[java.lang.AssertionError: expected [Aditya] but found [ADIT]
at org.testng.Assert.fail(Assert.java:110)
at org.testng.Assert.failNotEquals(Assert.java:1413)
at org.testng.Assert.assertEqualsImpl(Assert.java:149)
at org.testng.Assert.assertEquals(Assert.java:131)
at org.testng.Assert.assertEquals(Assert.java:655)
at org.testng.Assert.assertEquals(Assert.java:665)
at cucumber.framework.runner.siloam.ttddigital.TestTTDPageKombinasiLima.siloam120_validasi_data_tersimpan_dan_form_ter_update(TestTTDPageKombinasiLima.java:130)
at ✽.Siloam120 Validasi Data Tersimpan Dan Form Ter-update(file:///C:/Users/NEXSOFT/Documents/GitHub/TA_SQA/TA-SQUAD-AKP/src/test/resources/Features/Siloam/120UpdateDataSalesLimaKombinasi.feature:16)
]]>
    </failure>
  </testcase> <!-- runScenario -->
  <system-out/>
  <testcase classname="cucumber.framework.runner.siloam.ttddigital.TTDDigitalRunner" name="runScenario" time="15.950">
    <failure message="expected [Aditya] but found [ADIT]" type="java.lang.AssertionError">
      <![CDATA[java.lang.AssertionError: expected [Aditya] but found [ADIT]
at org.testng.Assert.fail(Assert.java:110)
at org.testng.Assert.failNotEquals(Assert.java:1413)
at org.testng.Assert.assertEqualsImpl(Assert.java:149)
at org.testng.Assert.assertEquals(Assert.java:131)
at org.testng.Assert.assertEquals(Assert.java:655)
at org.testng.Assert.assertEquals(Assert.java:665)
at cucumber.framework.runner.siloam.ttddigital.TestTTDPageKombinasiLima.siloam120_validasi_data_tersimpan_dan_form_ter_update(TestTTDPageKombinasiLima.java:130)
at ✽.Siloam120 Validasi Data Tersimpan Dan Form Ter-update(file:///C:/Users/NEXSOFT/Documents/GitHub/TA_SQA/TA-SQUAD-AKP/src/test/resources/Features/Siloam/120UpdateDataSalesLimaKombinasi.feature:16)
]]>
    </failure>
  </testcase> <!-- runScenario -->
  <system-out/>
  <testcase classname="cucumber.framework.runner.siloam.ttddigital.TTDDigitalRunner" name="runScenario" time="17.276">
    <failure message="expected [Aditya] but found [ADIT]" type="java.lang.AssertionError">
      <![CDATA[java.lang.AssertionError: expected [Aditya] but found [ADIT]
at org.testng.Assert.fail(Assert.java:110)
at org.testng.Assert.failNotEquals(Assert.java:1413)
at org.testng.Assert.assertEqualsImpl(Assert.java:149)
at org.testng.Assert.assertEquals(Assert.java:131)
at org.testng.Assert.assertEquals(Assert.java:655)
at org.testng.Assert.assertEquals(Assert.java:665)
at cucumber.framework.runner.siloam.ttddigital.TestTTDPageKombinasiLima.siloam120_validasi_data_tersimpan_dan_form_ter_update(TestTTDPageKombinasiLima.java:130)
at ✽.Siloam120 Validasi Data Tersimpan Dan Form Ter-update(file:///C:/Users/NEXSOFT/Documents/GitHub/TA_SQA/TA-SQUAD-AKP/src/test/resources/Features/Siloam/120UpdateDataSalesLimaKombinasi.feature:16)
]]>
    </failure>
  </testcase> <!-- runScenario -->
  <system-out/>
  <testcase classname="cucumber.framework.runner.siloam.ttddigital.TTDDigitalRunner" name="runScenario" time="14.894">
    <failure message="expected [Aditya] but found [ADIT]" type="java.lang.AssertionError">
      <![CDATA[java.lang.AssertionError: expected [Aditya] but found [ADIT]
at org.testng.Assert.fail(Assert.java:110)
at org.testng.Assert.failNotEquals(Assert.java:1413)
at org.testng.Assert.assertEqualsImpl(Assert.java:149)
at org.testng.Assert.assertEquals(Assert.java:131)
at org.testng.Assert.assertEquals(Assert.java:655)
at org.testng.Assert.assertEquals(Assert.java:665)
at cucumber.framework.runner.siloam.ttddigital.TestTTDPageKombinasiLima.siloam120_validasi_data_tersimpan_dan_form_ter_update(TestTTDPageKombinasiLima.java:130)
at ✽.Siloam120 Validasi Data Tersimpan Dan Form Ter-update(file:///C:/Users/NEXSOFT/Documents/GitHub/TA_SQA/TA-SQUAD-AKP/src/test/resources/Features/Siloam/120UpdateDataSalesLimaKombinasi.feature:16)
]]>
    </failure>
  </testcase> <!-- runScenario -->
  <system-out/>
  <testcase classname="cucumber.framework.runner.siloam.ttddigital.TTDDigitalRunner" name="runScenario" time="23.987">
    <failure message="expected [Aditya] but found [ADIT]" type="java.lang.AssertionError">
      <![CDATA[java.lang.AssertionError: expected [Aditya] but found [ADIT]
at org.testng.Assert.fail(Assert.java:110)
at org.testng.Assert.failNotEquals(Assert.java:1413)
at org.testng.Assert.assertEqualsImpl(Assert.java:149)
at org.testng.Assert.assertEquals(Assert.java:131)
at org.testng.Assert.assertEquals(Assert.java:655)
at org.testng.Assert.assertEquals(Assert.java:665)
at cucumber.framework.runner.siloam.ttddigital.TestTTDPageKombinasiLima.siloam120_validasi_data_tersimpan_dan_form_ter_update(TestTTDPageKombinasiLima.java:130)
at ✽.Siloam120 Validasi Data Tersimpan Dan Form Ter-update(file:///C:/Users/NEXSOFT/Documents/GitHub/TA_SQA/TA-SQUAD-AKP/src/test/resources/Features/Siloam/120UpdateDataSalesLimaKombinasi.feature:16)
]]>
    </failure>
  </testcase> <!-- runScenario -->
  <system-out/>
  <testcase classname="cucumber.framework.runner.siloam.ttddigital.TTDDigitalRunner" name="runScenario" time="11.141">
    <failure message="expected [Aditya] but found [ADIT]" type="java.lang.AssertionError">
      <![CDATA[java.lang.AssertionError: expected [Aditya] but found [ADIT]
at org.testng.Assert.fail(Assert.java:110)
at org.testng.Assert.failNotEquals(Assert.java:1413)
at org.testng.Assert.assertEqualsImpl(Assert.java:149)
at org.testng.Assert.assertEquals(Assert.java:131)
at org.testng.Assert.assertEquals(Assert.java:655)
at org.testng.Assert.assertEquals(Assert.java:665)
at cucumber.framework.runner.siloam.ttddigital.TestTTDPageKombinasiLima.siloam120_validasi_data_tersimpan_dan_form_ter_update(TestTTDPageKombinasiLima.java:130)
at ✽.Siloam120 Validasi Data Tersimpan Dan Form Ter-update(file:///C:/Users/NEXSOFT/Documents/GitHub/TA_SQA/TA-SQUAD-AKP/src/test/resources/Features/Siloam/120UpdateDataSalesLimaKombinasi.feature:16)
]]>
    </failure>
  </testcase> <!-- runScenario -->
  <system-out/>
  <testcase classname="cucumber.framework.runner.siloam.ttddigital.TTDDigitalRunner" name="runScenario" time="11.812"/>
  <system-out/>
  <testcase classname="cucumber.framework.runner.siloam.ttddigital.TTDDigitalRunner" name="runScenario" time="11.372"/>
  <system-out/>
  <testcase classname="cucumber.framework.runner.siloam.ttddigital.TTDDigitalRunner" name="runScenario" time="15.332">
    <failure message="expected [Aditya] but found [ADIT]" type="java.lang.AssertionError">
      <![CDATA[java.lang.AssertionError: expected [Aditya] but found [ADIT]
at org.testng.Assert.fail(Assert.java:110)
at org.testng.Assert.failNotEquals(Assert.java:1413)
at org.testng.Assert.assertEqualsImpl(Assert.java:149)
at org.testng.Assert.assertEquals(Assert.java:131)
at org.testng.Assert.assertEquals(Assert.java:655)
at org.testng.Assert.assertEquals(Assert.java:665)
at cucumber.framework.runner.siloam.ttddigital.TestTTDPageKombinasiLima.siloam120_validasi_data_tersimpan_dan_form_ter_update(TestTTDPageKombinasiLima.java:130)
at ✽.Siloam120 Validasi Data Tersimpan Dan Form Ter-update(file:///C:/Users/NEXSOFT/Documents/GitHub/TA_SQA/TA-SQUAD-AKP/src/test/resources/Features/Siloam/120UpdateDataSalesLimaKombinasi.feature:16)
]]>
    </failure>
  </testcase> <!-- runScenario -->
  <system-out/>
  <testcase classname="cucumber.framework.runner.siloam.ttddigital.TTDDigitalRunner" name="runScenario" time="12.773">
    <failure message="expected [Aditya] but found [ADIT]" type="java.lang.AssertionError">
      <![CDATA[java.lang.AssertionError: expected [Aditya] but found [ADIT]
at org.testng.Assert.fail(Assert.java:110)
at org.testng.Assert.failNotEquals(Assert.java:1413)
at org.testng.Assert.assertEqualsImpl(Assert.java:149)
at org.testng.Assert.assertEquals(Assert.java:131)
at org.testng.Assert.assertEquals(Assert.java:655)
at org.testng.Assert.assertEquals(Assert.java:665)
at cucumber.framework.runner.siloam.ttddigital.TestTTDPageKombinasiLima.siloam120_validasi_data_tersimpan_dan_form_ter_update(TestTTDPageKombinasiLima.java:130)
at ✽.Siloam120 Validasi Data Tersimpan Dan Form Ter-update(file:///C:/Users/NEXSOFT/Documents/GitHub/TA_SQA/TA-SQUAD-AKP/src/test/resources/Features/Siloam/120UpdateDataSalesLimaKombinasi.feature:16)
]]>
    </failure>
  </testcase> <!-- runScenario -->
  <system-out/>
  <testcase classname="cucumber.framework.runner.siloam.ttddigital.TTDDigitalRunner" name="runScenario" time="16.933">
    <failure message="expected [Aditya] but found [ADIT]" type="java.lang.AssertionError">
      <![CDATA[java.lang.AssertionError: expected [Aditya] but found [ADIT]
at org.testng.Assert.fail(Assert.java:110)
at org.testng.Assert.failNotEquals(Assert.java:1413)
at org.testng.Assert.assertEqualsImpl(Assert.java:149)
at org.testng.Assert.assertEquals(Assert.java:131)
at org.testng.Assert.assertEquals(Assert.java:655)
at org.testng.Assert.assertEquals(Assert.java:665)
at cucumber.framework.runner.siloam.ttddigital.TestTTDPageKombinasiLima.siloam120_validasi_data_tersimpan_dan_form_ter_update(TestTTDPageKombinasiLima.java:130)
at ✽.Siloam120 Validasi Data Tersimpan Dan Form Ter-update(file:///C:/Users/NEXSOFT/Documents/GitHub/TA_SQA/TA-SQUAD-AKP/src/test/resources/Features/Siloam/120UpdateDataSalesLimaKombinasi.feature:16)
]]>
    </failure>
  </testcase> <!-- runScenario -->
  <system-out/>
  <testcase classname="cucumber.framework.runner.siloam.ttddigital.TTDDigitalRunner" name="runScenario" time="6.595"/>
  <system-out/>
  <testcase classname="cucumber.framework.runner.siloam.ttddigital.TTDDigitalRunner" name="runScenario" time="19.024"/>
  <system-out/>
  <testcase classname="cucumber.framework.runner.siloam.ttddigital.TTDDigitalRunner" name="runScenario" time="18.707"/>
  <system-out/>
  <testcase classname="cucumber.framework.runner.siloam.ttddigital.TTDDigitalRunner" name="runScenario" time="19.478"/>
  <system-out/>
  <testcase classname="cucumber.framework.runner.siloam.ttddigital.TTDDigitalRunner" name="runScenario" time="12.960"/>
  <system-out/>
  <testcase classname="cucumber.framework.runner.siloam.ttddigital.TTDDigitalRunner" name="runScenario" time="18.114">
    <failure message="expected [Aditya] but found [ADIT]" type="java.lang.AssertionError">
      <![CDATA[java.lang.AssertionError: expected [Aditya] but found [ADIT]
at org.testng.Assert.fail(Assert.java:110)
at org.testng.Assert.failNotEquals(Assert.java:1413)
at org.testng.Assert.assertEqualsImpl(Assert.java:149)
at org.testng.Assert.assertEquals(Assert.java:131)
at org.testng.Assert.assertEquals(Assert.java:655)
at org.testng.Assert.assertEquals(Assert.java:665)
at cucumber.framework.runner.siloam.ttddigital.TestTTDPageKombinasiLima.siloam120_validasi_data_tersimpan_dan_form_ter_update(TestTTDPageKombinasiLima.java:130)
at ✽.Siloam120 Validasi Data Tersimpan Dan Form Ter-update(file:///C:/Users/NEXSOFT/Documents/GitHub/TA_SQA/TA-SQUAD-AKP/src/test/resources/Features/Siloam/120UpdateDataSalesLimaKombinasi.feature:16)
]]>
    </failure>
  </testcase> <!-- runScenario -->
  <system-out/>
  <testcase classname="cucumber.framework.runner.siloam.ttddigital.TTDDigitalRunner" name="runScenario" time="10.540"/>
  <system-out/>
  <testcase classname="cucumber.framework.runner.siloam.ttddigital.TTDDigitalRunner" name="runScenario" time="17.692"/>
  <system-out/>
  <testcase classname="cucumber.framework.runner.siloam.ttddigital.TTDDigitalRunner" name="runScenario" time="14.945"/>
  <system-out/>
  <testcase classname="cucumber.framework.runner.siloam.ttddigital.TTDDigitalRunner" name="runScenario" time="11.511"/>
  <system-out/>
  <testcase classname="cucumber.framework.runner.siloam.ttddigital.TTDDigitalRunner" name="runScenario" time="7.253"/>
  <system-out/>
  <testcase classname="cucumber.framework.runner.siloam.ttddigital.TTDDigitalRunner" name="runScenario" time="16.452"/>
  <system-out/>
  <testcase classname="cucumber.framework.runner.siloam.ttddigital.TTDDigitalRunner" name="runScenario" time="15.407">
    <failure message="expected [Aditya] but found [ADIT]" type="java.lang.AssertionError">
      <![CDATA[java.lang.AssertionError: expected [Aditya] but found [ADIT]
at org.testng.Assert.fail(Assert.java:110)
at org.testng.Assert.failNotEquals(Assert.java:1413)
at org.testng.Assert.assertEqualsImpl(Assert.java:149)
at org.testng.Assert.assertEquals(Assert.java:131)
at org.testng.Assert.assertEquals(Assert.java:655)
at org.testng.Assert.assertEquals(Assert.java:665)
at cucumber.framework.runner.siloam.ttddigital.TestTTDPageKombinasiLima.siloam120_validasi_data_tersimpan_dan_form_ter_update(TestTTDPageKombinasiLima.java:130)
at ✽.Siloam120 Validasi Data Tersimpan Dan Form Ter-update(file:///C:/Users/NEXSOFT/Documents/GitHub/TA_SQA/TA-SQUAD-AKP/src/test/resources/Features/Siloam/120UpdateDataSalesLimaKombinasi.feature:16)
]]>
    </failure>
  </testcase> <!-- runScenario -->
  <system-out/>
  <testcase classname="cucumber.framework.runner.siloam.ttddigital.TTDDigitalRunner" name="runScenario" time="15.430">
    <failure message="expected [Aditya] but found [ADIT]" type="java.lang.AssertionError">
      <![CDATA[java.lang.AssertionError: expected [Aditya] but found [ADIT]
at org.testng.Assert.fail(Assert.java:110)
at org.testng.Assert.failNotEquals(Assert.java:1413)
at org.testng.Assert.assertEqualsImpl(Assert.java:149)
at org.testng.Assert.assertEquals(Assert.java:131)
at org.testng.Assert.assertEquals(Assert.java:655)
at org.testng.Assert.assertEquals(Assert.java:665)
at cucumber.framework.runner.siloam.ttddigital.TestTTDPageKombinasiLima.siloam120_validasi_data_tersimpan_dan_form_ter_update(TestTTDPageKombinasiLima.java:130)
at ✽.Siloam120 Validasi Data Tersimpan Dan Form Ter-update(file:///C:/Users/NEXSOFT/Documents/GitHub/TA_SQA/TA-SQUAD-AKP/src/test/resources/Features/Siloam/120UpdateDataSalesLimaKombinasi.feature:16)
]]>
    </failure>
  </testcase> <!-- runScenario -->
  <system-out/>
  <testcase classname="cucumber.framework.runner.siloam.ttddigital.TTDDigitalRunner" name="runScenario" time="18.738"/>
  <system-out/>
  <testcase classname="cucumber.framework.runner.siloam.ttddigital.TTDDigitalRunner" name="runScenario" time="9.827"/>
  <system-out/>
  <testcase classname="cucumber.framework.runner.siloam.ttddigital.TTDDigitalRunner" name="runScenario" time="12.141"/>
  <system-out/>
  <testcase classname="cucumber.framework.runner.siloam.ttddigital.TTDDigitalRunner" name="runScenario" time="5.924"/>
  <system-out/>
  <testcase classname="cucumber.framework.runner.siloam.ttddigital.TTDDigitalRunner" name="runScenario" time="17.616">
    <failure message="expected [Aditya] but found [ADIT]" type="java.lang.AssertionError">
      <![CDATA[java.lang.AssertionError: expected [Aditya] but found [ADIT]
at org.testng.Assert.fail(Assert.java:110)
at org.testng.Assert.failNotEquals(Assert.java:1413)
at org.testng.Assert.assertEqualsImpl(Assert.java:149)
at org.testng.Assert.assertEquals(Assert.java:131)
at org.testng.Assert.assertEquals(Assert.java:655)
at org.testng.Assert.assertEquals(Assert.java:665)
at cucumber.framework.runner.siloam.ttddigital.TestTTDPageKombinasiLima.siloam120_validasi_data_tersimpan_dan_form_ter_update(TestTTDPageKombinasiLima.java:130)
at ✽.Siloam120 Validasi Data Tersimpan Dan Form Ter-update(file:///C:/Users/NEXSOFT/Documents/GitHub/TA_SQA/TA-SQUAD-AKP/src/test/resources/Features/Siloam/120UpdateDataSalesLimaKombinasi.feature:16)
]]>
    </failure>
  </testcase> <!-- runScenario -->
  <system-out/>
  <testcase classname="cucumber.framework.runner.siloam.ttddigital.TTDDigitalRunner" name="runScenario" time="21.132"/>
  <system-out/>
  <testcase classname="cucumber.framework.runner.siloam.ttddigital.TTDDigitalRunner" name="runScenario" time="13.687">
    <failure message="expected [Aditya] but found [ADIT]" type="java.lang.AssertionError">
      <![CDATA[java.lang.AssertionError: expected [Aditya] but found [ADIT]
at org.testng.Assert.fail(Assert.java:110)
at org.testng.Assert.failNotEquals(Assert.java:1413)
at org.testng.Assert.assertEqualsImpl(Assert.java:149)
at org.testng.Assert.assertEquals(Assert.java:131)
at org.testng.Assert.assertEquals(Assert.java:655)
at org.testng.Assert.assertEquals(Assert.java:665)
at cucumber.framework.runner.siloam.ttddigital.TestTTDPageKombinasiLima.siloam120_validasi_data_tersimpan_dan_form_ter_update(TestTTDPageKombinasiLima.java:130)
at ✽.Siloam120 Validasi Data Tersimpan Dan Form Ter-update(file:///C:/Users/NEXSOFT/Documents/GitHub/TA_SQA/TA-SQUAD-AKP/src/test/resources/Features/Siloam/120UpdateDataSalesLimaKombinasi.feature:16)
]]>
    </failure>
  </testcase> <!-- runScenario -->
  <system-out/>
  <testcase classname="cucumber.framework.runner.siloam.ttddigital.TTDDigitalRunner" name="runScenario" time="20.151">
    <failure message="expected [Aditya] but found [ADIT]" type="java.lang.AssertionError">
      <![CDATA[java.lang.AssertionError: expected [Aditya] but found [ADIT]
at org.testng.Assert.fail(Assert.java:110)
at org.testng.Assert.failNotEquals(Assert.java:1413)
at org.testng.Assert.assertEqualsImpl(Assert.java:149)
at org.testng.Assert.assertEquals(Assert.java:131)
at org.testng.Assert.assertEquals(Assert.java:655)
at org.testng.Assert.assertEquals(Assert.java:665)
at cucumber.framework.runner.siloam.ttddigital.TestTTDPageKombinasiLima.siloam120_validasi_data_tersimpan_dan_form_ter_update(TestTTDPageKombinasiLima.java:130)
at ✽.Siloam120 Validasi Data Tersimpan Dan Form Ter-update(file:///C:/Users/NEXSOFT/Documents/GitHub/TA_SQA/TA-SQUAD-AKP/src/test/resources/Features/Siloam/120UpdateDataSalesLimaKombinasi.feature:16)
]]>
    </failure>
  </testcase> <!-- runScenario -->
  <system-out/>
  <testcase classname="cucumber.framework.runner.siloam.ttddigital.TTDDigitalRunner" name="runScenario" time="20.453">
    <failure message="expected [Aditya] but found [ADIT]" type="java.lang.AssertionError">
      <![CDATA[java.lang.AssertionError: expected [Aditya] but found [ADIT]
at org.testng.Assert.fail(Assert.java:110)
at org.testng.Assert.failNotEquals(Assert.java:1413)
at org.testng.Assert.assertEqualsImpl(Assert.java:149)
at org.testng.Assert.assertEquals(Assert.java:131)
at org.testng.Assert.assertEquals(Assert.java:655)
at org.testng.Assert.assertEquals(Assert.java:665)
at cucumber.framework.runner.siloam.ttddigital.TestTTDPageKombinasiLima.siloam120_validasi_data_tersimpan_dan_form_ter_update(TestTTDPageKombinasiLima.java:130)
at ✽.Siloam120 Validasi Data Tersimpan Dan Form Ter-update(file:///C:/Users/NEXSOFT/Documents/GitHub/TA_SQA/TA-SQUAD-AKP/src/test/resources/Features/Siloam/120UpdateDataSalesLimaKombinasi.feature:16)
]]>
    </failure>
  </testcase> <!-- runScenario -->
  <system-out/>
  <testcase classname="cucumber.framework.runner.siloam.ttddigital.TTDDigitalRunner" name="runScenario" time="9.722"/>
  <system-out/>
  <testcase classname="cucumber.framework.runner.siloam.ttddigital.TTDDigitalRunner" name="runScenario" time="6.931"/>
  <system-out/>
  <testcase classname="cucumber.framework.runner.siloam.ttddigital.TTDDigitalRunner" name="runScenario" time="9.755"/>
  <system-out/>
  <testcase classname="cucumber.framework.runner.siloam.ttddigital.TTDDigitalRunner" name="runScenario" time="18.577">
    <failure message="expected [Aditya] but found [ADIT]" type="java.lang.AssertionError">
      <![CDATA[java.lang.AssertionError: expected [Aditya] but found [ADIT]
at org.testng.Assert.fail(Assert.java:110)
at org.testng.Assert.failNotEquals(Assert.java:1413)
at org.testng.Assert.assertEqualsImpl(Assert.java:149)
at org.testng.Assert.assertEquals(Assert.java:131)
at org.testng.Assert.assertEquals(Assert.java:655)
at org.testng.Assert.assertEquals(Assert.java:665)
at cucumber.framework.runner.siloam.ttddigital.TestTTDPageKombinasiLima.siloam120_validasi_data_tersimpan_dan_form_ter_update(TestTTDPageKombinasiLima.java:130)
at ✽.Siloam120 Validasi Data Tersimpan Dan Form Ter-update(file:///C:/Users/NEXSOFT/Documents/GitHub/TA_SQA/TA-SQUAD-AKP/src/test/resources/Features/Siloam/120UpdateDataSalesLimaKombinasi.feature:16)
]]>
    </failure>
  </testcase> <!-- runScenario -->
  <system-out/>
  <testcase classname="cucumber.framework.runner.siloam.ttddigital.TTDDigitalRunner" name="runScenario" time="19.698"/>
  <system-out/>
  <testcase classname="cucumber.framework.runner.siloam.ttddigital.TTDDigitalRunner" name="runScenario" time="10.896"/>
  <system-out/>
  <testcase classname="cucumber.framework.runner.siloam.ttddigital.TTDDigitalRunner" name="runScenario" time="14.285">
    <failure message="expected [Aditya] but found [ADIT]" type="java.lang.AssertionError">
      <![CDATA[java.lang.AssertionError: expected [Aditya] but found [ADIT]
at org.testng.Assert.fail(Assert.java:110)
at org.testng.Assert.failNotEquals(Assert.java:1413)
at org.testng.Assert.assertEqualsImpl(Assert.java:149)
at org.testng.Assert.assertEquals(Assert.java:131)
at org.testng.Assert.assertEquals(Assert.java:655)
at org.testng.Assert.assertEquals(Assert.java:665)
at cucumber.framework.runner.siloam.ttddigital.TestTTDPageKombinasiLima.siloam120_validasi_data_tersimpan_dan_form_ter_update(TestTTDPageKombinasiLima.java:130)
at ✽.Siloam120 Validasi Data Tersimpan Dan Form Ter-update(file:///C:/Users/NEXSOFT/Documents/GitHub/TA_SQA/TA-SQUAD-AKP/src/test/resources/Features/Siloam/120UpdateDataSalesLimaKombinasi.feature:16)
]]>
    </failure>
  </testcase> <!-- runScenario -->
  <system-out/>
  <testcase classname="cucumber.framework.runner.siloam.ttddigital.TTDDigitalRunner" name="runScenario" time="21.913"/>
  <system-out/>
  <testcase classname="cucumber.framework.runner.siloam.ttddigital.TTDDigitalRunner" name="runScenario" time="19.722"/>
  <system-out/>
  <testcase classname="cucumber.framework.runner.siloam.ttddigital.TTDDigitalRunner" name="runScenario" time="13.533"/>
  <system-out/>
  <testcase classname="cucumber.framework.runner.siloam.ttddigital.TTDDigitalRunner" name="runScenario" time="19.288">
    <failure message="expected [Aditya] but found [ADIT]" type="java.lang.AssertionError">
      <![CDATA[java.lang.AssertionError: expected [Aditya] but found [ADIT]
at org.testng.Assert.fail(Assert.java:110)
at org.testng.Assert.failNotEquals(Assert.java:1413)
at org.testng.Assert.assertEqualsImpl(Assert.java:149)
at org.testng.Assert.assertEquals(Assert.java:131)
at org.testng.Assert.assertEquals(Assert.java:655)
at org.testng.Assert.assertEquals(Assert.java:665)
at cucumber.framework.runner.siloam.ttddigital.TestTTDPageKombinasiLima.siloam120_validasi_data_tersimpan_dan_form_ter_update(TestTTDPageKombinasiLima.java:130)
at ✽.Siloam120 Validasi Data Tersimpan Dan Form Ter-update(file:///C:/Users/NEXSOFT/Documents/GitHub/TA_SQA/TA-SQUAD-AKP/src/test/resources/Features/Siloam/120UpdateDataSalesLimaKombinasi.feature:16)
]]>
    </failure>
  </testcase> <!-- runScenario -->
  <system-out/>
  <testcase classname="cucumber.framework.runner.siloam.ttddigital.TTDDigitalRunner" name="runScenario" time="12.649">
    <failure message="expected [Aditya] but found [ADIT]" type="java.lang.AssertionError">
      <![CDATA[java.lang.AssertionError: expected [Aditya] but found [ADIT]
at org.testng.Assert.fail(Assert.java:110)
at org.testng.Assert.failNotEquals(Assert.java:1413)
at org.testng.Assert.assertEqualsImpl(Assert.java:149)
at org.testng.Assert.assertEquals(Assert.java:131)
at org.testng.Assert.assertEquals(Assert.java:655)
at org.testng.Assert.assertEquals(Assert.java:665)
at cucumber.framework.runner.siloam.ttddigital.TestTTDPageKombinasiLima.siloam120_validasi_data_tersimpan_dan_form_ter_update(TestTTDPageKombinasiLima.java:130)
at ✽.Siloam120 Validasi Data Tersimpan Dan Form Ter-update(file:///C:/Users/NEXSOFT/Documents/GitHub/TA_SQA/TA-SQUAD-AKP/src/test/resources/Features/Siloam/120UpdateDataSalesLimaKombinasi.feature:16)
]]>
    </failure>
  </testcase> <!-- runScenario -->
  <system-out/>
  <testcase classname="cucumber.framework.runner.siloam.ttddigital.TTDDigitalRunner" name="runScenario" time="19.786"/>
  <system-out/>
  <testcase classname="cucumber.framework.runner.siloam.ttddigital.TTDDigitalRunner" name="runScenario" time="23.738">
    <failure message="expected [Aditya] but found [ADIT]" type="java.lang.AssertionError">
      <![CDATA[java.lang.AssertionError: expected [Aditya] but found [ADIT]
at org.testng.Assert.fail(Assert.java:110)
at org.testng.Assert.failNotEquals(Assert.java:1413)
at org.testng.Assert.assertEqualsImpl(Assert.java:149)
at org.testng.Assert.assertEquals(Assert.java:131)
at org.testng.Assert.assertEquals(Assert.java:655)
at org.testng.Assert.assertEquals(Assert.java:665)
at cucumber.framework.runner.siloam.ttddigital.TestTTDPageKombinasiLima.siloam120_validasi_data_tersimpan_dan_form_ter_update(TestTTDPageKombinasiLima.java:130)
at ✽.Siloam120 Validasi Data Tersimpan Dan Form Ter-update(file:///C:/Users/NEXSOFT/Documents/GitHub/TA_SQA/TA-SQUAD-AKP/src/test/resources/Features/Siloam/120UpdateDataSalesLimaKombinasi.feature:16)
]]>
    </failure>
  </testcase> <!-- runScenario -->
  <system-out/>
  <testcase classname="cucumber.framework.runner.siloam.ttddigital.TTDDigitalRunner" name="runScenario" time="11.365"/>
  <system-out/>
  <testcase classname="cucumber.framework.runner.siloam.ttddigital.TTDDigitalRunner" name="runScenario" time="22.005">
    <failure message="expected [Aditya] but found [ADIT]" type="java.lang.AssertionError">
      <![CDATA[java.lang.AssertionError: expected [Aditya] but found [ADIT]
at org.testng.Assert.fail(Assert.java:110)
at org.testng.Assert.failNotEquals(Assert.java:1413)
at org.testng.Assert.assertEqualsImpl(Assert.java:149)
at org.testng.Assert.assertEquals(Assert.java:131)
at org.testng.Assert.assertEquals(Assert.java:655)
at org.testng.Assert.assertEquals(Assert.java:665)
at cucumber.framework.runner.siloam.ttddigital.TestTTDPageKombinasiLima.siloam120_validasi_data_tersimpan_dan_form_ter_update(TestTTDPageKombinasiLima.java:130)
at ✽.Siloam120 Validasi Data Tersimpan Dan Form Ter-update(file:///C:/Users/NEXSOFT/Documents/GitHub/TA_SQA/TA-SQUAD-AKP/src/test/resources/Features/Siloam/120UpdateDataSalesLimaKombinasi.feature:16)
]]>
    </failure>
  </testcase> <!-- runScenario -->
  <system-out/>
  <testcase classname="cucumber.framework.runner.siloam.ttddigital.TTDDigitalRunner" name="runScenario" time="37.823"/>
  <system-out/>
</testsuite> <!-- cucumber.framework.runner.siloam.ttddigital.TTDDigitalRunner -->
