<?xml version="1.0" encoding="UTF-8"?>
<!-- Generated by org.testng.reporters.JUnitReportReporter -->
<testsuite hostname="DESKTOP-KFF6RM1" failures="1" tests="18" name="cucumber.framework.runner.siloam.viewexportpageoutline.ViewExportRunnerOutline" time="306.858" errors="0" timestamp="2022-10-07T10:32:20 WIB" skipped="0">
  <testcase classname="cucumber.framework.runner.siloam.viewexportpageoutline.ViewExportRunnerOutline" name="runScenario" time="12.957"/>
  <system-out/>
  <testcase classname="cucumber.framework.runner.siloam.viewexportpageoutline.ViewExportRunnerOutline" name="runScenario" time="10.586"/>
  <system-out/>
  <testcase classname="cucumber.framework.runner.siloam.viewexportpageoutline.ViewExportRunnerOutline" name="runScenario" time="46.931"/>
  <system-out/>
  <testcase classname="cucumber.framework.runner.siloam.viewexportpageoutline.ViewExportRunnerOutline" name="runScenario" time="13.124"/>
  <system-out/>
  <testcase classname="cucumber.framework.runner.siloam.viewexportpageoutline.ViewExportRunnerOutline" name="runScenario" time="10.559"/>
  <system-out/>
  <testcase classname="cucumber.framework.runner.siloam.viewexportpageoutline.ViewExportRunnerOutline" name="runScenario" time="21.055"/>
  <system-out/>
  <testcase classname="cucumber.framework.runner.siloam.viewexportpageoutline.ViewExportRunnerOutline" name="runScenario" time="7.243"/>
  <system-out/>
  <testcase classname="cucumber.framework.runner.siloam.viewexportpageoutline.ViewExportRunnerOutline" name="runScenario" time="7.218"/>
  <system-out/>
  <testcase classname="cucumber.framework.runner.siloam.viewexportpageoutline.ViewExportRunnerOutline" name="runScenario" time="13.149"/>
  <system-out/>
  <testcase classname="cucumber.framework.runner.siloam.viewexportpageoutline.ViewExportRunnerOutline" name="runScenario" time="14.079"/>
  <system-out/>
  <testcase classname="cucumber.framework.runner.siloam.viewexportpageoutline.ViewExportRunnerOutline" name="runScenario" time="10.593"/>
  <system-out/>
  <testcase classname="cucumber.framework.runner.siloam.viewexportpageoutline.ViewExportRunnerOutline" name="runScenario" time="27.333"/>
  <system-out/>
  <testcase classname="cucumber.framework.runner.siloam.viewexportpageoutline.ViewExportRunnerOutline" name="runScenario" time="6.116"/>
  <system-out/>
  <testcase classname="cucumber.framework.runner.siloam.viewexportpageoutline.ViewExportRunnerOutline" name="runScenario" time="32.222">
    <failure message="expected [false] but found [true]" type="java.lang.AssertionError">
      <![CDATA[java.lang.AssertionError: expected [false] but found [true]
at org.testng.Assert.fail(Assert.java:110)
at org.testng.Assert.failNotEquals(Assert.java:1413)
at org.testng.Assert.assertFalse(Assert.java:78)
at org.testng.Assert.assertFalse(Assert.java:88)
at cucumber.framework.runner.siloam.viewexportpageoutline.TestPreviewData.siloam050_validasi_data_pada_dokumen_pdf(TestPreviewData.java:79)
at âœ½.Siloam050 Validasi Data Pada Dokumen PDF(file:///C:/Users/NEXSOFT/Documents/GitHub/TA_SQA/TA-SQUAD-AKP/src/test/resources/Features/Siloam/050AdminMenekanPreviewData.feature:11)
]]>
    </failure>
  </testcase> <!-- runScenario -->
  <system-out/>
  <testcase classname="cucumber.framework.runner.siloam.viewexportpageoutline.ViewExportRunnerOutline" name="runScenario" time="16.409"/>
  <system-out/>
  <testcase classname="cucumber.framework.runner.siloam.viewexportpageoutline.ViewExportRunnerOutline" name="runScenario" time="5.178"/>
  <system-out/>
  <testcase classname="cucumber.framework.runner.siloam.viewexportpageoutline.ViewExportRunnerOutline" name="runScenario" time="30.074"/>
  <system-out/>
  <testcase classname="cucumber.framework.runner.siloam.viewexportpageoutline.ViewExportRunnerOutline" name="runScenario" time="22.032"/>
  <system-out/>
</testsuite> <!-- cucumber.framework.runner.siloam.viewexportpageoutline.ViewExportRunnerOutline -->
