<?xml version="1.0" encoding="UTF-8"?>
<!-- Generated by org.testng.reporters.JUnitReportReporter -->
<testsuite hostname="DESKTOP-KFF6RM1" failures="0" tests="6" name="cucumber.framework.runner.siloam.ttddigital.TTDDigitalRunner" time="149.592" errors="0" timestamp="2022-10-07T08:57:42 WIB" skipped="0">
  <testcase classname="cucumber.framework.runner.siloam.ttddigital.TTDDigitalRunner" name="runScenario" time="23.590"/>
  <system-out/>
  <testcase classname="cucumber.framework.runner.siloam.ttddigital.TTDDigitalRunner" name="runScenario" time="23.745"/>
  <system-out/>
  <testcase classname="cucumber.framework.runner.siloam.ttddigital.TTDDigitalRunner" name="runScenario" time="23.683"/>
  <system-out/>
  <testcase classname="cucumber.framework.runner.siloam.ttddigital.TTDDigitalRunner" name="runScenario" time="30.938"/>
  <system-out/>
  <testcase classname="cucumber.framework.runner.siloam.ttddigital.TTDDigitalRunner" name="runScenario" time="23.358"/>
  <system-out/>
  <testcase classname="cucumber.framework.runner.siloam.ttddigital.TTDDigitalRunner" name="runScenario" time="24.278"/>
  <system-out/>
</testsuite> <!-- cucumber.framework.runner.siloam.ttddigital.TTDDigitalRunner -->
