<?xml version="1.0" encoding="UTF-8"?>
<!-- Generated by org.testng.reporters.JUnitReportReporter -->
<testsuite hostname="DESKTOP-KFF6RM1" failures="0" tests="6" name="cucumber.framework.runner.siloam.ttddigital.TTDDigitalRunner" time="158.839" errors="0" timestamp="2022-10-06T10:10:01 WIB" skipped="0">
  <testcase classname="cucumber.framework.runner.siloam.ttddigital.TTDDigitalRunner" name="runScenario" time="24.821"/>
  <system-out/>
  <testcase classname="cucumber.framework.runner.siloam.ttddigital.TTDDigitalRunner" name="runScenario" time="35.439"/>
  <system-out/>
  <testcase classname="cucumber.framework.runner.siloam.ttddigital.TTDDigitalRunner" name="runScenario" time="25.729"/>
  <system-out/>
  <testcase classname="cucumber.framework.runner.siloam.ttddigital.TTDDigitalRunner" name="runScenario" time="23.891"/>
  <system-out/>
  <testcase classname="cucumber.framework.runner.siloam.ttddigital.TTDDigitalRunner" name="runScenario" time="24.679"/>
  <system-out/>
  <testcase classname="cucumber.framework.runner.siloam.ttddigital.TTDDigitalRunner" name="runScenario" time="24.280"/>
  <system-out/>
</testsuite> <!-- cucumber.framework.runner.siloam.ttddigital.TTDDigitalRunner -->
