<?xml version="1.0" encoding="UTF-8"?>
<!-- Generated by org.testng.reporters.JUnitReportReporter -->
<testsuite hostname="DESKTOP-KFF6RM1" failures="1" tests="12" name="cucumber.framework.runner.siloam.viewexportpage.ViewExportRunner" time="231.853" errors="0" timestamp="2022-10-02T11:14:42 WIB" skipped="0">
  <testcase classname="cucumber.framework.runner.siloam.viewexportpage.ViewExportRunner" name="runScenario" time="14.958"/>
  <system-out/>
  <testcase classname="cucumber.framework.runner.siloam.viewexportpage.ViewExportRunner" name="runScenario" time="8.109"/>
  <system-out/>
  <testcase classname="cucumber.framework.runner.siloam.viewexportpage.ViewExportRunner" name="runScenario" time="25.507">
    <failure message="expected [false] but found [true]" type="java.lang.AssertionError">
      <![CDATA[java.lang.AssertionError: expected [false] but found [true]
at org.testng.Assert.fail(Assert.java:110)
at org.testng.Assert.failNotEquals(Assert.java:1413)
at org.testng.Assert.assertFalse(Assert.java:78)
at org.testng.Assert.assertFalse(Assert.java:88)
at cucumber.framework.runner.siloam.viewexportpage.TestDownload.siloam030_validasi_an_uncaught_exception_was_encountered(TestDownload.java:58)
at âœ½.Siloam030 Validasi An uncaught Exception was encountered(file:///C:/Users/NEXSOFT/Documents/GitHub/TA_SQA/TA-SQUAD-AKP/src/test/resources/Features/Siloam/030AdminMelakukanDownload.feature:11)
]]>
    </failure>
  </testcase> <!-- runScenario -->
  <system-out/>
  <testcase classname="cucumber.framework.runner.siloam.viewexportpage.ViewExportRunner" name="runScenario" time="30.090"/>
  <system-out/>
  <testcase classname="cucumber.framework.runner.siloam.viewexportpage.ViewExportRunner" name="runScenario" time="8.308"/>
  <system-out/>
  <testcase classname="cucumber.framework.runner.siloam.viewexportpage.ViewExportRunner" name="runScenario" time="24.311"/>
  <system-out/>
  <testcase classname="cucumber.framework.runner.siloam.viewexportpage.ViewExportRunner" name="runScenario" time="9.378"/>
  <system-out/>
  <testcase classname="cucumber.framework.runner.siloam.viewexportpage.ViewExportRunner" name="runScenario" time="19.761"/>
  <system-out/>
  <testcase classname="cucumber.framework.runner.siloam.viewexportpage.ViewExportRunner" name="runScenario" time="15.511"/>
  <system-out/>
  <testcase classname="cucumber.framework.runner.siloam.viewexportpage.ViewExportRunner" name="runScenario" time="16.676"/>
  <system-out/>
  <testcase classname="cucumber.framework.runner.siloam.viewexportpage.ViewExportRunner" name="runScenario" time="15.679"/>
  <system-out/>
  <testcase classname="cucumber.framework.runner.siloam.viewexportpage.ViewExportRunner" name="runScenario" time="43.565"/>
  <system-out/>
</testsuite> <!-- cucumber.framework.runner.siloam.viewexportpage.ViewExportRunner -->
